[   106.348] (--) Log file renamed from "/home/edureka/.local/share/xorg/Xorg.pid-2288.log" to "/home/edureka/.local/share/xorg/Xorg.0.log"
[   106.350] 
X.Org X Server 1.19.6
Release Date: 2017-12-20
[   106.350] X Protocol Version 11, Revision 0
[   106.350] Build Operating System: Linux 4.4.0-119-generic x86_64 Ubuntu
[   106.350] Current Operating System: Linux edureka 4.15.0-20-generic #21-Ubuntu SMP Tue Apr 24 06:16:15 UTC 2018 x86_64
[   106.350] Kernel command line: BOOT_IMAGE=/boot/vmlinuz-4.15.0-20-generic root=UUID=02da98d7-74c1-4fd7-8424-b04f1b1bbb68 ro quiet splash
[   106.350] Build Date: 13 April 2018  08:07:36PM
[   106.351] xorg-server 2:1.19.6-1ubuntu4 (For technical support please see http://www.ubuntu.com/support) 
[   106.351] Current version of pixman: 0.34.0
[   106.351] 	Before reporting problems, check http://wiki.x.org
	to make sure that you have the latest version.
[   106.351] Markers: (--) probed, (**) from config file, (==) default setting,
	(++) from command line, (!!) notice, (II) informational,
	(WW) warning, (EE) error, (NI) not implemented, (??) unknown.
[   106.351] (==) Log file: "/home/edureka/.local/share/xorg/Xorg.0.log", Time: Sat Aug 27 18:08:55 2022
[   106.370] (==) Using system config directory "/usr/share/X11/xorg.conf.d"
[   106.378] (==) No Layout section.  Using the first Screen section.
[   106.378] (==) No screen section available. Using defaults.
[   106.378] (**) |-->Screen "Default Screen Section" (0)
[   106.378] (**) |   |-->Monitor "<default monitor>"
[   106.381] (==) No monitor specified for screen "Default Screen Section".
	Using a default monitor configuration.
[   106.381] (==) Automatically adding devices
[   106.381] (==) Automatically enabling devices
[   106.381] (==) Automatically adding GPU devices
[   106.381] (==) Automatically binding GPU devices
[   106.382] (==) Max clients allowed: 256, resource mask: 0x1fffff
[   106.382] (WW) The directory "/usr/share/fonts/X11/cyrillic" does not exist.
[   106.382] 	Entry deleted from font path.
[   106.382] (WW) The directory "/usr/share/fonts/X11/100dpi/" does not exist.
[   106.382] 	Entry deleted from font path.
[   106.382] (WW) The directory "/usr/share/fonts/X11/75dpi/" does not exist.
[   106.382] 	Entry deleted from font path.
[   106.382] (WW) The directory "/usr/share/fonts/X11/100dpi" does not exist.
[   106.382] 	Entry deleted from font path.
[   106.382] (WW) The directory "/usr/share/fonts/X11/75dpi" does not exist.
[   106.382] 	Entry deleted from font path.
[   106.382] (==) FontPath set to:
	/usr/share/fonts/X11/misc,
	/usr/share/fonts/X11/Type1,
	built-ins
[   106.382] (==) ModulePath set to "/usr/lib/xorg/modules"
[   106.382] (II) The server relies on udev to provide the list of input devices.
	If no devices become available, reconfigure udev or disable AutoAddDevices.
[   106.403] (II) Loader magic: 0x5590c8742020
[   106.403] (II) Module ABI versions:
[   106.403] 	X.Org ANSI C Emulation: 0.4
[   106.403] 	X.Org Video Driver: 23.0
[   106.403] 	X.Org XInput driver : 24.1
[   106.403] 	X.Org Server Extension : 10.0
[   106.407] (++) using VT number 2

[   106.422] (II) systemd-logind: took control of session /org/freedesktop/login1/session/_32
[   106.437] (II) xfree86: Adding drm device (/dev/dri/card0)
[   106.448] (II) systemd-logind: got fd for /dev/dri/card0 226:0 fd 12 paused 0
[   106.470] (--) PCI:*(0:0:2:0) 15ad:0405:15ad:0405 rev 0, Mem @ 0xe0000000/16777216, 0xf0000000/2097152, I/O @ 0x0000d010/16, BIOS @ 0x????????/131072
[   106.470] (II) LoadModule: "glx"
[   106.482] (II) Loading /usr/lib/xorg/modules/extensions/libglx.so
[   106.503] (II) Module glx: vendor="X.Org Foundation"
[   106.503] 	compiled for 1.19.6, module version = 1.0.0
[   106.503] 	ABI class: X.Org Server Extension, version 10.0
[   106.503] (==) Matched vmware as autoconfigured driver 0
[   106.503] (==) Matched vmware as autoconfigured driver 1
[   106.503] (==) Matched modesetting as autoconfigured driver 2
[   106.504] (==) Matched fbdev as autoconfigured driver 3
[   106.504] (==) Matched vesa as autoconfigured driver 4
[   106.504] (==) Assigned the driver to the xf86ConfigLayout
[   106.504] (II) LoadModule: "vmware"
[   106.504] (II) Loading /usr/lib/xorg/modules/drivers/vmware_drv.so
[   106.664] (II) Module vmware: vendor="X.Org Foundation"
[   106.664] 	compiled for 1.19.3, module version = 13.2.1
[   106.664] 	Module class: X.Org Video Driver
[   106.664] 	ABI class: X.Org Video Driver, version 23.0
[   106.664] (II) LoadModule: "modesetting"
[   106.665] (II) Loading /usr/lib/xorg/modules/drivers/modesetting_drv.so
[   106.670] (II) Module modesetting: vendor="X.Org Foundation"
[   106.670] 	compiled for 1.19.6, module version = 1.19.6
[   106.670] 	Module class: X.Org Video Driver
[   106.670] 	ABI class: X.Org Video Driver, version 23.0
[   106.670] (II) LoadModule: "fbdev"
[   106.671] (II) Loading /usr/lib/xorg/modules/drivers/fbdev_drv.so
[   106.673] (II) Module fbdev: vendor="X.Org Foundation"
[   106.673] 	compiled for 1.19.3, module version = 0.4.4
[   106.673] 	Module class: X.Org Video Driver
[   106.673] 	ABI class: X.Org Video Driver, version 23.0
[   106.673] (II) LoadModule: "vesa"
[   106.674] (II) Loading /usr/lib/xorg/modules/drivers/vesa_drv.so
[   106.677] (II) Module vesa: vendor="X.Org Foundation"
[   106.677] 	compiled for 1.19.3, module version = 2.3.4
[   106.677] 	Module class: X.Org Video Driver
[   106.677] 	ABI class: X.Org Video Driver, version 23.0
[   106.677] (II) vmware: driver for VMware SVGA: vmware0405, vmware0710
[   106.677] (II) modesetting: Driver for Modesetting Kernel Drivers: kms
[   106.677] (II) FBDEV: driver for framebuffer: fbdev
[   106.677] (II) VESA: driver for VESA chipsets: vesa
[   106.678] xf86EnableIOPorts: failed to set IOPL for I/O (Operation not permitted)
[   106.678] (WW) Falling back to old probe method for modesetting
[   106.678] (WW) Falling back to old probe method for fbdev
[   106.679] (II) Loading sub module "fbdevhw"
[   106.679] (II) LoadModule: "fbdevhw"
[   106.679] (II) Loading /usr/lib/xorg/modules/libfbdevhw.so
[   106.682] (II) Module fbdevhw: vendor="X.Org Foundation"
[   106.682] 	compiled for 1.19.6, module version = 0.0.2
[   106.682] 	ABI class: X.Org Video Driver, version 23.0
[   106.682] (EE) open /dev/fb0: Permission denied
[   106.682] (WW) Falling back to old probe method for vesa
[   106.682] (WW) VGA arbiter: cannot open kernel arbiter, no multi-card support
[   106.683] (II) vmware(0): Creating default Display subsection in Screen section
	"Default Screen Section" for depth/fbbpp 24/32
[   106.683] (--) vmware(0): DRM driver version is 2.14.0
[   106.683] (==) vmware(0): Depth 24, (--) framebuffer bpp 32
[   106.683] (==) vmware(0): RGB weight 888
[   106.683] (==) vmware(0): Default visual is TrueColor
[   106.683] (--) vmware(0): Min width 1, Max Width 8192.
[   106.683] (--) vmware(0): Min height 1, Max Height 8192.
[   106.684] (II) vmware(0): Output Virtual1 has no monitor section
[   106.684] (II) vmware(0): Output Virtual2 has no monitor section
[   106.684] (II) vmware(0): Output Virtual3 has no monitor section
[   106.684] (II) vmware(0): Output Virtual4 has no monitor section
[   106.684] (II) vmware(0): Output Virtual5 has no monitor section
[   106.684] (II) vmware(0): Output Virtual6 has no monitor section
[   106.684] (II) vmware(0): Output Virtual7 has no monitor section
[   106.685] (II) vmware(0): Output Virtual8 has no monitor section
[   106.685] (II) vmware(0): Printing probed modes for output Virtual1
[   106.685] (II) vmware(0): Modeline "800x600"x60.0   42.75  800 850 900 950  600 650 700 750 -hsync +vsync (45.0 kHz eP)
[   106.685] (II) vmware(0): Modeline "2560x1600"x60.0  348.50  2560 2752 3032 3504  1600 1603 1609 1658 -hsync +vsync (99.5 kHz e)
[   106.685] (II) vmware(0): Modeline "1920x1440"x60.0  234.00  1920 2048 2256 2600  1440 1441 1444 1500 -hsync +vsync (90.0 kHz e)
[   106.685] (II) vmware(0): Modeline "1856x1392"x60.0  218.25  1856 1952 2176 2528  1392 1393 1396 1439 -hsync +vsync (86.3 kHz e)
[   106.685] (II) vmware(0): Modeline "1792x1344"x60.0  204.75  1792 1920 2120 2448  1344 1345 1348 1394 -hsync +vsync (83.6 kHz e)
[   106.685] (II) vmware(0): Modeline "1920x1200"x59.9  193.25  1920 2056 2256 2592  1200 1203 1209 1245 -hsync +vsync (74.6 kHz e)
[   106.686] (II) vmware(0): Modeline "1600x1200"x60.0  162.00  1600 1664 1856 2160  1200 1201 1204 1250 +hsync +vsync (75.0 kHz e)
[   106.686] (II) vmware(0): Modeline "1680x1050"x60.0  146.25  1680 1784 1960 2240  1050 1053 1059 1089 -hsync +vsync (65.3 kHz e)
[   106.686] (II) vmware(0): Modeline "1400x1050"x60.0  121.75  1400 1488 1632 1864  1050 1053 1057 1089 -hsync +vsync (65.3 kHz e)
[   106.686] (II) vmware(0): Modeline "1280x1024"x60.0  108.00  1280 1328 1440 1688  1024 1025 1028 1066 +hsync +vsync (64.0 kHz e)
[   106.686] (II) vmware(0): Modeline "1440x900"x59.9  106.50  1440 1520 1672 1904  900 903 909 934 -hsync +vsync (55.9 kHz e)
[   106.686] (II) vmware(0): Modeline "1280x960"x60.0  108.00  1280 1376 1488 1800  960 961 964 1000 +hsync +vsync (60.0 kHz e)
[   106.686] (II) vmware(0): Modeline "1360x768"x60.0   85.50  1360 1424 1536 1792  768 771 777 795 +hsync +vsync (47.7 kHz e)
[   106.686] (II) vmware(0): Modeline "1280x800"x59.8   83.50  1280 1352 1480 1680  800 803 809 831 +hsync -vsync (49.7 kHz e)
[   106.686] (II) vmware(0): Modeline "1152x864"x75.0  108.00  1152 1216 1344 1600  864 865 868 900 +hsync +vsync (67.5 kHz e)
[   106.686] (II) vmware(0): Modeline "1280x768"x59.9   79.50  1280 1344 1472 1664  768 771 778 798 -hsync +vsync (47.8 kHz e)
[   106.686] (II) vmware(0): Modeline "1024x768"x60.0   65.00  1024 1048 1184 1344  768 771 777 806 -hsync -vsync (48.4 kHz e)
[   106.686] (II) vmware(0): Modeline "800x600"x60.3   40.00  800 840 968 1056  600 601 605 628 +hsync +vsync (37.9 kHz e)
[   106.686] (II) vmware(0): Modeline "640x480"x59.9   25.18  640 656 752 800  480 489 492 525 -hsync -vsync (31.5 kHz e)
[   106.686] (II) vmware(0): EDID for output Virtual2
[   106.686] (II) vmware(0): EDID for output Virtual3
[   106.686] (II) vmware(0): EDID for output Virtual4
[   106.686] (II) vmware(0): EDID for output Virtual5
[   106.687] (II) vmware(0): EDID for output Virtual6
[   106.687] (II) vmware(0): EDID for output Virtual7
[   106.687] (II) vmware(0): EDID for output Virtual8
[   106.687] (II) vmware(0): Output Virtual1 connected
[   106.687] (II) vmware(0): Output Virtual2 disconnected
[   106.687] (II) vmware(0): Output Virtual3 disconnected
[   106.687] (II) vmware(0): Output Virtual4 disconnected
[   106.687] (II) vmware(0): Output Virtual5 disconnected
[   106.687] (II) vmware(0): Output Virtual6 disconnected
[   106.687] (II) vmware(0): Output Virtual7 disconnected
[   106.687] (II) vmware(0): Output Virtual8 disconnected
[   106.687] (II) vmware(0): Using exact sizes for initial modes
[   106.687] (II) vmware(0): Output Virtual1 using initial mode 800x600 +0+0
[   106.687] (==) vmware(0): DPI set to (96, 96)
[   106.687] (==) vmware(0): Using gamma correction (1.0, 1.0, 1.0)
[   106.687] (II) Loading sub module "fb"
[   106.687] (II) LoadModule: "fb"
[   106.688] (II) Loading /usr/lib/xorg/modules/libfb.so
[   106.698] (II) Module fb: vendor="X.Org Foundation"
[   106.698] 	compiled for 1.19.6, module version = 1.0.0
[   106.698] 	ABI class: X.Org ANSI C Emulation, version 0.4
[   106.698] (II) Loading sub module "dri2"
[   106.698] (II) LoadModule: "dri2"
[   106.699] (II) Module "dri2" already built-in
[   106.699] (II) UnloadModule: "modesetting"
[   106.699] (II) Unloading modesetting
[   106.699] (II) UnloadModule: "fbdev"
[   106.699] (II) Unloading fbdev
[   106.699] (II) UnloadSubModule: "fbdevhw"
[   106.699] (II) Unloading fbdevhw
[   106.699] (II) UnloadModule: "vesa"
[   106.699] (II) Unloading vesa
[   106.700] (==) Depth 24 pixmap format is 32 bpp
[   106.704] (II) vmware(0): Initialized VMWARE_CTRL extension version 0.2
[   106.715] (WW) vmware(0): Failed to initialize Gallium3D Xa. No render acceleration available.
[   106.716] (WW) vmware(0): Skipped initialization of direct rendering due to lack of render acceleration.
[   106.716] (--) vmware(0): Render acceleration is disabled.
[   106.716] (==) vmware(0): Rendercheck mode is disabled.
[   106.716] (--) vmware(0): Direct rendering (3D) is disabled.
[   106.716] (==) vmware(0): Backing store enabled
[   106.716] (==) vmware(0): Silken mouse enabled
[   106.718] (II) vmware(0): RandR 1.2 enabled, ignore the following RandR disabled message.
[   106.722] (==) vmware(0): DPMS enabled
[   106.722] (II) vmware(0): No 3D acceleration. Not setting up textured video.
[   106.722] (WW) vmware(0): Disabling Xv because no adaptors could be initialized.
[   106.722] (--) RandR disabled
[   106.734] (II) SELinux: Disabled on system
[   106.737] (II) AIGLX: Screen 0 is not DRI2 capable
[   106.740] (EE) AIGLX: reverting to software rendering
[   106.755] (II) IGLX: enabled GLX_MESA_copy_sub_buffer
[   106.765] (II) IGLX: Loaded and initialized swrast
[   106.765] (II) GLX: Initialized DRISWRAST GL provider for screen 0
[   106.786] (II) vmware(0): Setting screen physical size to 211 x 158
[   107.045] (II) config/udev: Adding input device Power Button (/dev/input/event0)
[   107.045] (**) Power Button: Applying InputClass "libinput keyboard catchall"
[   107.045] (II) LoadModule: "libinput"
[   107.046] (II) Loading /usr/lib/xorg/modules/input/libinput_drv.so
[   107.067] (II) Module libinput: vendor="X.Org Foundation"
[   107.068] 	compiled for 1.19.6, module version = 0.27.1
[   107.069] 	Module class: X.Org XInput Driver
[   107.069] 	ABI class: X.Org XInput driver, version 24.1
[   107.069] (II) Using input driver 'libinput' for 'Power Button'
[   107.074] (II) systemd-logind: got fd for /dev/input/event0 13:64 fd 20 paused 0
[   107.077] (**) Power Button: always reports core events
[   107.078] (**) Option "Device" "/dev/input/event0"
[   107.086] (**) Option "_source" "server/udev"
[   107.099] (II) event0  - Power Button: is tagged by udev as: Keyboard
[   107.104] (II) event0  - Power Button: device is a keyboard
[   107.105] (II) event0  - Power Button: device removed
[   107.108] (**) Option "config_info" "udev:/sys/devices/LNXSYSTM:00/LNXPWRBN:00/input/input0/event0"
[   107.109] (II) XINPUT: Adding extended input device "Power Button" (type: KEYBOARD, id 6)
[   107.109] (**) Option "xkb_model" "pc105"
[   107.110] (**) Option "xkb_layout" "us"
[   107.128] (II) event0  - Power Button: is tagged by udev as: Keyboard
[   107.129] (II) event0  - Power Button: device is a keyboard
[   107.131] (II) config/udev: Adding input device Sleep Button (/dev/input/event1)
[   107.132] (**) Sleep Button: Applying InputClass "libinput keyboard catchall"
[   107.132] (II) Using input driver 'libinput' for 'Sleep Button'
[   107.138] (II) systemd-logind: got fd for /dev/input/event1 13:65 fd 23 paused 0
[   107.138] (**) Sleep Button: always reports core events
[   107.138] (**) Option "Device" "/dev/input/event1"
[   107.139] (**) Option "_source" "server/udev"
[   107.147] (II) event1  - Sleep Button: is tagged by udev as: Keyboard
[   107.148] (II) event1  - Sleep Button: device is a keyboard
[   107.156] (II) event1  - Sleep Button: device removed
[   107.160] (**) Option "config_info" "udev:/sys/devices/LNXSYSTM:00/LNXSLPBN:00/input/input1/event1"
[   107.162] (II) XINPUT: Adding extended input device "Sleep Button" (type: KEYBOARD, id 7)
[   107.163] (**) Option "xkb_model" "pc105"
[   107.165] (**) Option "xkb_layout" "us"
[   107.171] (II) event1  - Sleep Button: is tagged by udev as: Keyboard
[   107.172] (II) event1  - Sleep Button: device is a keyboard
[   107.179] (II) config/udev: Adding input device Video Bus (/dev/input/event3)
[   107.180] (**) Video Bus: Applying InputClass "libinput keyboard catchall"
[   107.180] (II) Using input driver 'libinput' for 'Video Bus'
[   107.188] (II) systemd-logind: got fd for /dev/input/event3 13:67 fd 24 paused 0
[   107.188] (**) Video Bus: always reports core events
[   107.188] (**) Option "Device" "/dev/input/event3"
[   107.188] (**) Option "_source" "server/udev"
[   107.190] (II) event3  - Video Bus: is tagged by udev as: Keyboard
[   107.190] (II) event3  - Video Bus: device is a keyboard
[   107.190] (II) event3  - Video Bus: device removed
[   107.190] (**) Option "config_info" "udev:/sys/devices/LNXSYSTM:00/LNXSYBUS:00/PNP0A03:00/LNXVIDEO:00/input/input4/event3"
[   107.190] (II) XINPUT: Adding extended input device "Video Bus" (type: KEYBOARD, id 8)
[   107.190] (**) Option "xkb_model" "pc105"
[   107.191] (**) Option "xkb_layout" "us"
[   107.208] (II) event3  - Video Bus: is tagged by udev as: Keyboard
[   107.208] (II) event3  - Video Bus: device is a keyboard
[   107.222] (II) config/udev: Adding input device VirtualBox mouse integration (/dev/input/event6)
[   107.223] (**) VirtualBox mouse integration: Applying InputClass "libinput pointer catchall"
[   107.224] (II) Using input driver 'libinput' for 'VirtualBox mouse integration'
[   107.229] (II) systemd-logind: got fd for /dev/input/event6 13:70 fd 25 paused 0
[   107.229] (**) VirtualBox mouse integration: always reports core events
[   107.229] (**) Option "Device" "/dev/input/event6"
[   107.230] (**) Option "_source" "server/udev"
[   107.231] (II) event6  - VirtualBox mouse integration: is tagged by udev as: Mouse
[   107.237] (II) event6  - VirtualBox mouse integration: device is a pointer
[   107.238] (II) event6  - VirtualBox mouse integration: device removed
[   107.239] (**) Option "config_info" "udev:/sys/devices/pci0000:00/0000:00:04.0/input/input7/event6"
[   107.240] (II) XINPUT: Adding extended input device "VirtualBox mouse integration" (type: MOUSE, id 9)
[   107.240] (**) Option "AccelerationScheme" "none"
[   107.241] (**) VirtualBox mouse integration: (accel) selected scheme none/0
[   107.242] (**) VirtualBox mouse integration: (accel) acceleration factor: 2.000
[   107.242] (**) VirtualBox mouse integration: (accel) acceleration threshold: 4
[   107.243] (II) event6  - VirtualBox mouse integration: is tagged by udev as: Mouse
[   107.243] (II) event6  - VirtualBox mouse integration: device is a pointer
[   107.247] (II) config/udev: Adding input device VirtualBox mouse integration (/dev/input/js1)
[   107.248] (II) No input driver specified, ignoring this device.
[   107.248] (II) This device may have been added with another device file.
[   107.262] (II) config/udev: Adding input device VirtualBox USB Tablet (/dev/input/event5)
[   107.263] (**) VirtualBox USB Tablet: Applying InputClass "libinput pointer catchall"
[   107.264] (II) Using input driver 'libinput' for 'VirtualBox USB Tablet'
[   107.337] (II) systemd-logind: got fd for /dev/input/event5 13:69 fd 26 paused 0
[   107.338] (**) VirtualBox USB Tablet: always reports core events
[   107.338] (**) Option "Device" "/dev/input/event5"
[   107.338] (**) Option "_source" "server/udev"
[   107.343] (II) event5  - VirtualBox USB Tablet: is tagged by udev as: Mouse
[   107.343] (II) event5  - VirtualBox USB Tablet: device is a pointer
[   107.343] (II) event5  - VirtualBox USB Tablet: device removed
[   107.346] (**) Option "config_info" "udev:/sys/devices/pci0000:00/0000:00:06.0/usb1/1-1/1-1:1.0/0003:80EE:0021.0001/input/input6/event5"
[   107.346] (II) XINPUT: Adding extended input device "VirtualBox USB Tablet" (type: MOUSE, id 10)
[   107.346] (**) Option "AccelerationScheme" "none"
[   107.346] (**) VirtualBox USB Tablet: (accel) selected scheme none/0
[   107.346] (**) VirtualBox USB Tablet: (accel) acceleration factor: 2.000
[   107.346] (**) VirtualBox USB Tablet: (accel) acceleration threshold: 4
[   107.367] (II) event5  - VirtualBox USB Tablet: is tagged by udev as: Mouse
[   107.368] (II) event5  - VirtualBox USB Tablet: device is a pointer
[   107.371] (II) config/udev: Adding input device VirtualBox USB Tablet (/dev/input/js0)
[   107.372] (II) No input driver specified, ignoring this device.
[   107.372] (II) This device may have been added with another device file.
[   107.380] (II) config/udev: Adding input device VirtualBox USB Tablet (/dev/input/mouse1)
[   107.381] (II) No input driver specified, ignoring this device.
[   107.382] (II) This device may have been added with another device file.
[   107.386] (II) config/udev: Adding input device AT Translated Set 2 keyboard (/dev/input/event2)
[   107.387] (**) AT Translated Set 2 keyboard: Applying InputClass "libinput keyboard catchall"
[   107.388] (II) Using input driver 'libinput' for 'AT Translated Set 2 keyboard'
[   107.397] (II) systemd-logind: got fd for /dev/input/event2 13:66 fd 27 paused 0
[   107.397] (**) AT Translated Set 2 keyboard: always reports core events
[   107.398] (**) Option "Device" "/dev/input/event2"
[   107.398] (**) Option "_source" "server/udev"
[   107.410] (II) event2  - AT Translated Set 2 keyboard: is tagged by udev as: Keyboard
[   107.411] (II) event2  - AT Translated Set 2 keyboard: device is a keyboard
[   107.412] (II) event2  - AT Translated Set 2 keyboard: device removed
[   107.412] (**) Option "config_info" "udev:/sys/devices/platform/i8042/serio0/input/input2/event2"
[   107.414] (II) XINPUT: Adding extended input device "AT Translated Set 2 keyboard" (type: KEYBOARD, id 11)
[   107.414] (**) Option "xkb_model" "pc105"
[   107.415] (**) Option "xkb_layout" "us"
[   107.424] (II) event2  - AT Translated Set 2 keyboard: is tagged by udev as: Keyboard
[   107.428] (II) event2  - AT Translated Set 2 keyboard: device is a keyboard
[   107.431] (II) config/udev: Adding input device ImExPS/2 Generic Explorer Mouse (/dev/input/event4)
[   107.432] (**) ImExPS/2 Generic Explorer Mouse: Applying InputClass "libinput pointer catchall"
[   107.434] (II) Using input driver 'libinput' for 'ImExPS/2 Generic Explorer Mouse'
[   107.437] (II) systemd-logind: got fd for /dev/input/event4 13:68 fd 28 paused 0
[   107.437] (**) ImExPS/2 Generic Explorer Mouse: always reports core events
[   107.438] (**) Option "Device" "/dev/input/event4"
[   107.439] (**) Option "_source" "server/udev"
[   107.448] (II) event4  - ImExPS/2 Generic Explorer Mouse: is tagged by udev as: Mouse
[   107.449] (II) event4  - ImExPS/2 Generic Explorer Mouse: device is a pointer
[   107.452] (II) event4  - ImExPS/2 Generic Explorer Mouse: device removed
[   107.452] (**) Option "config_info" "udev:/sys/devices/platform/i8042/serio1/input/input5/event4"
[   107.454] (II) XINPUT: Adding extended input device "ImExPS/2 Generic Explorer Mouse" (type: MOUSE, id 12)
[   107.456] (**) Option "AccelerationScheme" "none"
[   107.458] (**) ImExPS/2 Generic Explorer Mouse: (accel) selected scheme none/0
[   107.458] (**) ImExPS/2 Generic Explorer Mouse: (accel) acceleration factor: 2.000
[   107.459] (**) ImExPS/2 Generic Explorer Mouse: (accel) acceleration threshold: 4
[   107.466] (II) event4  - ImExPS/2 Generic Explorer Mouse: is tagged by udev as: Mouse
[   107.467] (II) event4  - ImExPS/2 Generic Explorer Mouse: device is a pointer
[   107.474] (II) config/udev: Adding input device ImExPS/2 Generic Explorer Mouse (/dev/input/mouse0)
[   107.475] (II) No input driver specified, ignoring this device.
[   107.476] (II) This device may have been added with another device file.
[   112.164] (EE) No surface to present from.
